time="2024-03-17T06:15:59+03:00" level=info msg="create router" func="main.main()" file="app.go:18"
time="2024-03-17T06:15:59+03:00" level=info msg="read application configuration" func="VkProject/internal/config.GetConfig.func1()" file="config.go:33"
time="2024-03-17T06:15:59+03:00" level=info msg="start application" func="main.start()" file="app.go:28"
time="2024-03-17T06:15:59+03:00" level=info msg="listen tcp" func="main.start()" file="app.go:46"
time="2024-03-17T06:15:59+03:00" level=info msg="server is listening port 127.0.0.1:1234" func="main.start()" file="app.go:48"
time="2024-03-17T07:34:14+03:00" level=info msg="create router" func="main.main()" file="app.go:18"
time="2024-03-17T07:34:14+03:00" level=info msg="read application configuration" func="VkProject/internal/config.GetConfig.func1()" file="config.go:33"
time="2024-03-17T07:34:14+03:00" level=info msg="start application" func="main.start()" file="app.go:28"
time="2024-03-17T07:34:14+03:00" level=info msg="listen tcp" func="main.start()" file="app.go:46"
time="2024-03-17T07:34:14+03:00" level=info msg="server is listening port 127.0.0.1:1234" func="main.start()" file="app.go:48"
time="2024-03-17T07:35:09+03:00" level=info msg="create router" func="main.main()" file="app.go:18"
time="2024-03-17T07:35:09+03:00" level=info msg="read application configuration" func="VkProject/internal/config.GetConfig.func1()" file="config.go:33"
time="2024-03-17T07:35:09+03:00" level=info msg="start application" func="main.start()" file="app.go:28"
time="2024-03-17T07:35:09+03:00" level=info msg="listen tcp" func="main.start()" file="app.go:46"
time="2024-03-17T07:35:09+03:00" level=info msg="server is listening port 127.0.0.1:1234" func="main.start()" file="app.go:48"
time="2024-03-17T07:35:24+03:00" level=info msg="create router" func="main.main()" file="app.go:18"
time="2024-03-17T07:35:24+03:00" level=info msg="read application configuration" func="VkProject/internal/config.GetConfig.func1()" file="config.go:33"
time="2024-03-17T07:35:24+03:00" level=info msg="start application" func="main.start()" file="app.go:28"
time="2024-03-17T07:35:24+03:00" level=info msg="listen tcp" func="main.start()" file="app.go:46"
time="2024-03-17T07:35:24+03:00" level=info msg="server is listening port 127.0.0.1:1234" func="main.start()" file="app.go:48"
time="2024-03-17T07:36:27+03:00" level=info msg="create router" func="main.main()" file="app.go:18"
time="2024-03-17T07:36:27+03:00" level=info msg="read application configuration" func="VkProject/internal/config.GetConfig.func1()" file="config.go:33"
time="2024-03-17T07:36:27+03:00" level=info msg="start application" func="main.start()" file="app.go:28"
time="2024-03-17T07:36:27+03:00" level=info msg="listen tcp" func="main.start()" file="app.go:46"
time="2024-03-17T07:36:27+03:00" level=info msg="server is listening port 127.0.0.1:1234" func="main.start()" file="app.go:48"
time="2024-03-17T19:21:09+03:00" level=info msg="create router" func="main.main()" file="app.go:21"
time="2024-03-17T19:21:09+03:00" level=info msg="read application configuration" func="VkProject/internal/config.GetConfig.func1()" file="config.go:33"
time="2024-03-17T19:22:32+03:00" level=info msg="create router" func="main.main()" file="app.go:21"
time="2024-03-17T19:22:32+03:00" level=info msg="read application configuration" func="VkProject/internal/config.GetConfig.func1()" file="config.go:33"
time="2024-03-17T19:23:37+03:00" level=info msg="create router" func="main.main()" file="app.go:21"
time="2024-03-17T19:23:37+03:00" level=info msg="read application configuration" func="VkProject/internal/config.GetConfig.func1()" file="config.go:33"
time="2024-03-17T19:24:32+03:00" level=info msg="create router" func="main.main()" file="app.go:21"
time="2024-03-17T19:24:32+03:00" level=info msg="read application configuration" func="VkProject/internal/config.GetConfig.func1()" file="config.go:33"
time="2024-03-17T19:26:20+03:00" level=info msg="create router" func="main.main()" file="app.go:21"
time="2024-03-17T19:26:20+03:00" level=info msg="read application configuration" func="VkProject/internal/config.GetConfig.func1()" file="config.go:33"
time="2024-03-17T19:26:45+03:00" level=info msg="create router" func="main.main()" file="app.go:21"
time="2024-03-17T19:26:45+03:00" level=info msg="read application configuration" func="VkProject/internal/config.GetConfig.func1()" file="config.go:33"
time="2024-03-17T19:42:22+03:00" level=info msg="create router" func="main.main()" file="app.go:21"
time="2024-03-17T19:42:22+03:00" level=info msg="read application configuration" func="VkProject/internal/config.GetConfig.func1()" file="config.go:33"
time="2024-03-17T19:45:14+03:00" level=info msg="create router" func="main.main()" file="app.go:21"
time="2024-03-17T19:45:14+03:00" level=info msg="read application configuration" func="VkProject/internal/config.GetConfig.func1()" file="config.go:33"
time="2024-03-17T20:43:47+03:00" level=info msg="create router" func="main.main()" file="app.go:21"
time="2024-03-17T20:43:47+03:00" level=info msg="read application configuration" func="VkProject/internal/config.GetConfig.func1()" file="config.go:33"
time="2024-03-17T20:45:42+03:00" level=info msg="create router" func="main.main()" file="app.go:21"
time="2024-03-17T20:45:42+03:00" level=info msg="read application configuration" func="VkProject/internal/config.GetConfig.func1()" file="config.go:33"
time="2024-03-17T20:46:43+03:00" level=info msg="create router" func="main.main()" file="app.go:21"
time="2024-03-17T20:46:43+03:00" level=info msg="read application configuration" func="VkProject/internal/config.GetConfig.func1()" file="config.go:33"
time="2024-03-17T20:47:17+03:00" level=info msg="create router" func="main.main()" file="app.go:21"
time="2024-03-17T20:47:17+03:00" level=info msg="read application configuration" func="VkProject/internal/config.GetConfig.func1()" file="config.go:33"
time="2024-03-17T20:51:40+03:00" level=info msg="create router" func="main.main()" file="app.go:21"
time="2024-03-17T20:51:40+03:00" level=info msg="read application configuration" func="VkProject/internal/config.GetConfig.func1()" file="config.go:33"
time="2024-03-17T20:56:20+03:00" level=info msg="create router" func="main.main()" file="app.go:21"
time="2024-03-17T20:56:20+03:00" level=info msg="read application configuration" func="VkProject/internal/config.GetConfig.func1()" file="config.go:33"
time="2024-03-17T20:59:46+03:00" level=info msg="create router" func="main.main()" file="app.go:21"
time="2024-03-17T20:59:46+03:00" level=info msg="read application configuration" func="VkProject/internal/config.GetConfig.func1()" file="config.go:33"
time="2024-03-17T21:13:05+03:00" level=info msg="create router" func="main.main()" file="app.go:21"
time="2024-03-17T21:13:05+03:00" level=info msg="read application configuration" func="VkProject/internal/config.GetConfig.func1()" file="config.go:33"
time="2024-03-17T21:57:53+03:00" level=info msg="create router" func="main.main()" file="app.go:22"
time="2024-03-17T21:57:53+03:00" level=info msg="read application configuration" func="VkProject/internal/config.GetConfig.func1()" file="config.go:33"
time="2024-03-17T21:58:49+03:00" level=info msg="create router" func="main.main()" file="app.go:22"
time="2024-03-17T21:58:49+03:00" level=info msg="read application configuration" func="VkProject/internal/config.GetConfig.func1()" file="config.go:33"
time="2024-03-17T22:01:50+03:00" level=info msg="create router" func="main.main()" file="app.go:22"
time="2024-03-17T22:01:50+03:00" level=info msg="read application configuration" func="VkProject/internal/config.GetConfig.func1()" file="config.go:33"
time="2024-03-17T22:05:38+03:00" level=info msg="create router" func="main.main()" file="app.go:22"
time="2024-03-17T22:05:38+03:00" level=info msg="read application configuration" func="VkProject/internal/config.GetConfig.func1()" file="config.go:33"
time="2024-03-17T22:08:29+03:00" level=info msg="create router" func="main.main()" file="app.go:22"
time="2024-03-17T22:08:29+03:00" level=info msg="read application configuration" func="VkProject/internal/config.GetConfig.func1()" file="config.go:33"
time="2024-03-17T22:27:43+03:00" level=info msg="create router" func="main.main()" file="app.go:22"
time="2024-03-17T22:27:43+03:00" level=info msg="read application configuration" func="VkProject/internal/config.GetConfig.func1()" file="config.go:33"
time="2024-03-17T22:37:00+03:00" level=info msg="create router" func="main.main()" file="app.go:22"
time="2024-03-17T22:37:00+03:00" level=info msg="read application configuration" func="VkProject/internal/config.GetConfig.func1()" file="config.go:33"
time="2024-03-17T23:32:06+03:00" level=info msg="create router" func="main.main()" file="app.go:22"
time="2024-03-17T23:32:06+03:00" level=info msg="read application configuration" func="VkProject/internal/config.GetConfig.func1()" file="config.go:33"
time="2024-03-18T00:39:42+03:00" level=info msg="create router" func="main.main()" file="app.go:22"
time="2024-03-18T00:39:42+03:00" level=info msg="read application configuration" func="VkProject/internal/config.GetConfig.func1()" file="config.go:33"
